<?xml version="1.0" encoding="UTF-8"?>
<!-- Generated by org.testng.reporters.JUnitXMLReporter -->
<testsuite ignored="0" hostname="PNQNB0058" failures="0" tests="13" name="Surefire test" time="12.469" errors="0" timestamp="2022-06-09T15:01:57 IST">
  <testcase classname="com.qa.BuilderDesignPatternTest" name="builderTest" time="0.278"/>
  <testcase classname="com.qa.DeleteTest" name="deleteResourceTest" time="3.198"/>
  <testcase classname="com.qa.GetTest" name="getResponseLoggedInFile" time="0.716"/>
  <testcase classname="com.qa.GetTest" name="getTest" time="0.659"/>
  <testcase classname="com.qa.GetTest" name="getWithQueryParamTest" time="0.609"/>
  <testcase classname="com.qa.PostTest" name="postRequestFromExternalFile" time="0.743"/>
  <testcase classname="com.qa.PostTest" name="postRequestFromExternalFileConvertingToString" time="0.629"/>
  <testcase classname="com.qa.PostTest" name="postRequestFromVariableTest" time="0.646"/>
  <testcase classname="com.qa.PostTest" name="postRequestUsingHashMap" time="0.961"/>
  <testcase classname="com.qa.PostTest" name="postRequestUsingHashMapComplexPayload" time="0.838"/>
  <testcase classname="com.qa.PostTest" name="postRequestUsingJSONLibrary" time="0.709"/>
  <testcase classname="com.qa.PostUsingPojoTest" name="pojoTest" time="1.583"/>
  <testcase classname="com.qa.UpdateTest" name="updateResourceTest" time="0.716"/>
</testsuite> <!-- Surefire test -->
