<?xml version="1.0" encoding="UTF-8"?>
<testsuite xmlns:xsi="http://www.w3.org/2001/XMLSchema-instance" xsi:noNamespaceSchemaLocation="https://maven.apache.org/surefire/maven-surefire-plugin/xsd/surefire-test-report.xsd" name="TestSuite" time="13.412" tests="13" errors="0" skipped="0" failures="0">
  <properties>
[...]
</properties>
  <testcase name="builderTest" classname="com.qa.BuilderDesignPatternTest" time="0.28"/>
  <testcase name="deleteResourceTest" classname="com.qa.DeleteTest" time="3.199"/>
  <testcase name="getResponseLoggedInFile" classname="com.qa.GetTest" time="0.717"/>
  <testcase name="getTest" classname="com.qa.GetTest" time="0.682"/>
  <testcase name="getWithQueryParamTest" classname="com.qa.GetTest" time="0.683"/>
  <testcase name="postRequestFromExternalFile" classname="com.qa.PostTest" time="0.657"/>
  <testcase name="postRequestFromExternalFileConvertingToString" classname="com.qa.PostTest" time="0.635"/>
  <testcase name="postRequestFromVariableTest" classname="com.qa.PostTest" time="0.646"/>
  <testcase name="postRequestUsingHashMap" classname="com.qa.PostTest" time="0.972"/>
  <testcase name="postRequestUsingHashMapComplexPayload" classname="com.qa.PostTest" time="0.848"/>
  <testcase name="postRequestUsingJSONLibrary" classname="com.qa.PostTest" time="0.725"/>
  <testcase name="pojoTest" classname="com.qa.PostUsingPojoTest" time="1.559"/>
  <testcase name="updateResourceTest" classname="com.qa.UpdateTest" time="0.717"/>
</testsuite>